<?xml version="1.0" encoding="UTF-8" ?>
<testsuite tests="10" failures="0" name="com.com470.final_triangulos.services.TrianguloTest" time="0.004" errors="0" skipped="0">
  <properties>
[...]
</properties>
  <testcase classname="com.com470.final_triangulos.services.TrianguloTest" name="testTipoTriangulo[0]" time="0.004"/>
  <testcase classname="com.com470.final_triangulos.services.TrianguloTest" name="testTipoTriangulo[1]" time="0"/>
  <testcase classname="com.com470.final_triangulos.services.TrianguloTest" name="testTipoTriangulo[2]" time="0"/>
  <testcase classname="com.com470.final_triangulos.services.TrianguloTest" name="testTipoTriangulo[3]" time="0"/>
  <testcase classname="com.com470.final_triangulos.services.TrianguloTest" name="testTipoTriangulo[4]" time="0"/>
  <testcase classname="com.com470.final_triangulos.services.TrianguloTest" name="testTipoTriangulo[5]" time="0"/>
  <testcase classname="com.com470.final_triangulos.services.TrianguloTest" name="testTipoTriangulo[6]" time="0"/>
  <testcase classname="com.com470.final_triangulos.services.TrianguloTest" name="testTipoTriangulo[7]" time="0"/>
  <testcase classname="com.com470.final_triangulos.services.TrianguloTest" name="testTipoTriangulo[8]" time="0"/>
  <testcase classname="com.com470.final_triangulos.services.TrianguloTest" name="testTipoTriangulo[9]" time="0"/>
</testsuite>